[debug] [2023-10-20T09:14:42.924Z] ----------------------------------------------------------------------
[debug] [2023-10-20T09:14:42.926Z] Command:       C:\Program Files\nodejs\node.exe C:\Users\FPT SHOP\AppData\Roaming\npm\node_modules\firebase-tools\lib\bin\firebase.js init
[debug] [2023-10-20T09:14:42.927Z] CLI Version:   12.7.0
[debug] [2023-10-20T09:14:42.928Z] Platform:      win32
[debug] [2023-10-20T09:14:42.928Z] Node Version:  v18.16.0
[debug] [2023-10-20T09:14:42.929Z] Time:          Fri Oct 20 2023 16:14:42 GMT+0700 (Indochina Time)
[debug] [2023-10-20T09:14:42.929Z] ----------------------------------------------------------------------
[debug] 
[debug] [2023-10-20T09:14:42.934Z] > command requires scopes: ["email","openid","https://www.googleapis.com/auth/cloudplatformprojects.readonly","https://www.googleapis.com/auth/firebase","https://www.googleapis.com/auth/cloud-platform"]
[debug] [2023-10-20T09:14:42.935Z] > authorizing via signed-in user (thienqn1121996@gmail.com)
[info] 
     ######## #### ########  ######## ########     ###     ######  ########
     ##        ##  ##     ## ##       ##     ##  ##   ##  ##       ##
     ######    ##  ########  ######   ########  #########  ######  ######
     ##        ##  ##    ##  ##       ##     ## ##     ##       ## ##
     ##       #### ##     ## ######## ########  ##     ##  ######  ########

You're about to initialize a Firebase project in this directory:

  D:\duannextjs\my-app

[debug] [2023-10-20T09:15:46.719Z] ----------------------------------------------------------------------
[debug] [2023-10-20T09:15:46.723Z] Command:       C:\Program Files\nodejs\node.exe C:\Users\FPT SHOP\AppData\Roaming\npm\node_modules\firebase-tools\lib\bin\firebase.js init hosting
[debug] [2023-10-20T09:15:46.724Z] CLI Version:   12.7.0
[debug] [2023-10-20T09:15:46.724Z] Platform:      win32
[debug] [2023-10-20T09:15:46.725Z] Node Version:  v18.16.0
[debug] [2023-10-20T09:15:46.726Z] Time:          Fri Oct 20 2023 16:15:46 GMT+0700 (Indochina Time)
[debug] [2023-10-20T09:15:46.726Z] ----------------------------------------------------------------------
[debug] 
[debug] [2023-10-20T09:15:46.743Z] > command requires scopes: ["email","openid","https://www.googleapis.com/auth/cloudplatformprojects.readonly","https://www.googleapis.com/auth/firebase","https://www.googleapis.com/auth/cloud-platform"]
[debug] [2023-10-20T09:15:46.744Z] > authorizing via signed-in user (thienqn1121996@gmail.com)
[info] 
     ######## #### ########  ######## ########     ###     ######  ########
     ##        ##  ##     ## ##       ##     ##  ##   ##  ##       ##
     ######    ##  ########  ######   ########  #########  ######  ######
     ##        ##  ##    ##  ##       ##     ## ##     ##       ## ##
     ##       #### ##     ## ######## ########  ##     ##  ######  ########

You're about to initialize a Firebase project in this directory:

  D:\duannextjs\my-app

[info] 
=== Project Setup
[info] 
[info] First, let's associate this project directory with a Firebase project.
[info] You can create multiple project aliases by running firebase use --add, 
[info] but for now we'll just set up a default project.
[info] 
[info] i  If you want to create a project in a Google Cloud organization or folder, please use "firebase projects:create" instead, and return to this command when you've created the project. 
